<?xml version="1.0" encoding="UTF-8"?>
<!-- Generated by org.testng.reporters.JUnitReportReporter -->
<testsuite hostname="Holyvia" failures="0" tests="1" name="test.testNG" time="14.771" errors="0" timestamp="2024-02-08T19:08:52 ICT" skipped="0">
  <testcase classname="test.testNG" name="f" time="14.771"/>
</testsuite> <!-- test.testNG -->
